<?xml version="1.0" encoding="UTF-8"?>
<!-- Generated by org.testng.reporters.JUnitReportReporter -->
<testsuite skipped="0" hostname="DESKTOP-EVV4RUL" name="seleniumPractice.Datadriven1Test" tests="1" failures="0" timestamp="26 Oct 2018 18:03:19 GMT" time="11.207" errors="0">
  <testcase name="propertiestest" time="11.207" classname="seleniumPractice.Datadriven1Test"/>
</testsuite> <!-- seleniumPractice.Datadriven1Test -->
